<?xml version="1.0" encoding="UTF-8"?>
<!-- Generated by org.testng.reporters.JUnitXMLReporter -->
<testsuite ignored="4" hostname="JV-LAP093" failures="0" tests="3" name="Test" time="9.718" errors="0" timestamp="2024-10-21T23:03:20 NPT">
  <testcase classname="tests.HomepageTest" name="verifyHomepageLoadedSuccessfully" time="3.054"/>
  <testcase classname="tests.RegisterTest" name="registerWithSuccess" time="5.263"/>
  <testcase classname="tests.LoginTest" name="loginWithSuccess" time="1.332"/>
  <testcase classname="utilities.UtilBase" name="@BeforeSuite setup" time="0.0">
    <ignored/>
  </testcase> <!-- @BeforeSuite setup -->
  <testcase classname="utilities.UtilBase" name="@BeforeSuite setup" time="0.0">
    <ignored/>
  </testcase> <!-- @BeforeSuite setup -->
  <testcase classname="utilities.UtilBase" name="@AfterSuite teardown" time="0.0">
    <ignored/>
  </testcase> <!-- @AfterSuite teardown -->
  <testcase classname="utilities.UtilBase" name="@AfterSuite teardown" time="0.0">
    <ignored/>
  </testcase> <!-- @AfterSuite teardown -->
</testsuite> <!-- Test -->
