<?xml version="1.0" encoding="UTF-8"?>
<!-- Generated by org.testng.reporters.JUnitXMLReporter -->
<testsuite ignored="4" hostname="JV-LAP093" failures="0" tests="3" name="Test" time="11.521" errors="0" timestamp="2024-10-22T15:27:13 NPT">
  <testcase classname="tests.HomepageTest" name="verifyHomepageLoadedSuccessfully" time="3.986"/>
  <testcase classname="tests.RegisterTest" name="registerWithSuccess" time="5.853"/>
  <testcase classname="tests.LoginTest" name="loginWithSuccess" time="1.636"/>
  <testcase classname="utilities.UtilBase" name="@BeforeSuite setup" time="0.0">
    <ignored/>
  </testcase> <!-- @BeforeSuite setup -->
  <testcase classname="utilities.UtilBase" name="@BeforeSuite setup" time="0.0">
    <ignored/>
  </testcase> <!-- @BeforeSuite setup -->
  <testcase classname="utilities.UtilBase" name="@AfterSuite teardown" time="0.0">
    <ignored/>
  </testcase> <!-- @AfterSuite teardown -->
  <testcase classname="utilities.UtilBase" name="@AfterSuite teardown" time="0.0">
    <ignored/>
  </testcase> <!-- @AfterSuite teardown -->
</testsuite> <!-- Test -->
