<?xml version="1.0" encoding="UTF-8"?>
<testng-results ignored="4" total="7" passed="3" failed="0" skipped="0">
  <reporter-output>
  </reporter-output>
  <suite started-at="2024-10-22T15:27:02 NPT" name="Suite" finished-at="2024-10-22T15:27:13 NPT" duration-ms="11521">
    <groups>
    </groups>
    <test started-at="2024-10-22T15:27:02 NPT" name="Test" finished-at="2024-10-22T15:27:13 NPT" duration-ms="11521">
      <class name="tests.LoginTest">
        <test-method signature="loginWithSuccess()[pri:0, instance:tests.LoginTest@a50b09c]" started-at="2024-10-22T15:27:12 NPT" name="loginWithSuccess" finished-at="2024-10-22T15:27:13 NPT" duration-ms="1636" status="PASS">
          <reporter-output>
          </reporter-output>
        </test-method> <!-- loginWithSuccess -->
      </class> <!-- tests.LoginTest -->
      <class name="tests.HomepageTest">
        <test-method is-config="true" signature="setup()[pri:0, instance:tests.HomepageTest@7a56812e]" started-at="2024-10-22T15:26:57 NPT" name="setup" finished-at="2024-10-22T15:27:02 NPT" duration-ms="4931" status="PASS">
          <reporter-output>
          </reporter-output>
        </test-method> <!-- setup -->
        <test-method signature="verifyHomepageLoadedSuccessfully()[pri:0, instance:tests.HomepageTest@7a56812e]" started-at="2024-10-22T15:27:02 NPT" name="verifyHomepageLoadedSuccessfully" finished-at="2024-10-22T15:27:06 NPT" duration-ms="3986" status="PASS">
          <reporter-output>
          </reporter-output>
        </test-method> <!-- verifyHomepageLoadedSuccessfully -->
        <test-method is-config="true" signature="teardown()[pri:0, instance:tests.HomepageTest@7a56812e]" started-at="2024-10-22T15:27:13 NPT" name="teardown" finished-at="2024-10-22T15:27:13 NPT" duration-ms="0" status="PASS">
          <reporter-output>
          </reporter-output>
        </test-method> <!-- teardown -->
      </class> <!-- tests.HomepageTest -->
      <class name="tests.RegisterTest">
        <test-method signature="registerWithSuccess()[pri:0, instance:tests.RegisterTest@388ffbc2]" started-at="2024-10-22T15:27:06 NPT" name="registerWithSuccess" finished-at="2024-10-22T15:27:12 NPT" duration-ms="5853" status="PASS">
          <reporter-output>
          </reporter-output>
        </test-method> <!-- registerWithSuccess -->
      </class> <!-- tests.RegisterTest -->
    </test> <!-- Test -->
  </suite> <!-- Suite -->
</testng-results>
